11:53:06,294 INFO  [Server] Starting JBoss (MX MicroKernel)...
11:53:06,294 INFO  [Server] Release ID: JBoss [Zion] 4.0.5.GA (build: CVSTag=Branch_4_0 date=200610162339)
11:53:06,295 DEBUG [Server] Using config: org.jboss.system.server.ServerConfigImpl@6006d808
11:53:06,295 DEBUG [Server] Server type: class org.jboss.system.server.ServerImpl
11:53:06,295 DEBUG [Server] Server loaded through: org.jboss.system.server.NoAnnotationURLClassLoader
11:53:06,295 DEBUG [Server] Boot URLs:
11:53:06,295 DEBUG [Server]   file:/D:/JBOSS/JBOSS - 30.09.2011/jboss-4.0.5.GA/lib/endorsed/resolver.jar
11:53:06,295 DEBUG [Server]   file:/D:/JBOSS/JBOSS - 30.09.2011/jboss-4.0.5.GA/lib/endorsed/serializer.jar
11:53:06,295 DEBUG [Server]   file:/D:/JBOSS/JBOSS - 30.09.2011/jboss-4.0.5.GA/lib/endorsed/xalan.jar
11:53:06,295 DEBUG [Server]   file:/D:/JBOSS/JBOSS - 30.09.2011/jboss-4.0.5.GA/lib/endorsed/xercesImpl.jar
11:53:06,295 DEBUG [Server]   file:/D:/JBOSS/JBOSS - 30.09.2011/jboss-4.0.5.GA/lib/endorsed/xml-apis.jar
11:53:06,295 DEBUG [Server]   file:/D:/JBOSS/JBOSS - 30.09.2011/jboss-4.0.5.GA/lib/jboss-jmx.jar
11:53:06,295 DEBUG [Server]   file:/D:/JBOSS/JBOSS - 30.09.2011/jboss-4.0.5.GA/lib/concurrent.jar
11:53:06,295 DEBUG [Server]   file:/D:/JBOSS/JBOSS - 30.09.2011/jboss-4.0.5.GA/lib/log4j-boot.jar
11:53:06,295 DEBUG [Server]   file:/D:/JBOSS/JBOSS - 30.09.2011/jboss-4.0.5.GA/lib/jboss-common.jar
11:53:06,295 DEBUG [Server]   file:/D:/JBOSS/JBOSS - 30.09.2011/jboss-4.0.5.GA/lib/jboss-system.jar
11:53:06,295 DEBUG [Server]   file:/D:/JBOSS/JBOSS - 30.09.2011/jboss-4.0.5.GA/lib/jboss-xml-binding.jar
11:53:06,295 DEBUG [Server]   file:/D:/JBOSS/JBOSS - 30.09.2011/jboss-4.0.5.GA/lib/namespace.jar
11:53:06,295 INFO  [Server] Home Dir: D:\JBOSS\JBOSS - 30.09.2011\jboss-4.0.5.GA
11:53:06,295 INFO  [Server] Home URL: file:/D:/JBOSS/JBOSS - 30.09.2011/jboss-4.0.5.GA/
11:53:06,295 DEBUG [Server] Library URL: file:/D:/JBOSS/JBOSS - 30.09.2011/jboss-4.0.5.GA/lib/
11:53:06,296 INFO  [Server] Patch URL: null
11:53:06,296 INFO  [Server] Server Name: default
11:53:06,296 INFO  [Server] Server Home Dir: D:\JBOSS\JBOSS - 30.09.2011\jboss-4.0.5.GA\server\default
11:53:06,296 INFO  [Server] Server Home URL: file:/D:/JBOSS/JBOSS - 30.09.2011/jboss-4.0.5.GA/server/default/
11:53:06,296 INFO  [Server] Server Log Dir: D:\JBOSS\JBOSS - 30.09.2011\jboss-4.0.5.GA\server\default\log
11:53:06,296 DEBUG [Server] Server Data Dir: D:\JBOSS\JBOSS - 30.09.2011\jboss-4.0.5.GA\server\default\data
11:53:06,296 INFO  [Server] Server Temp Dir: D:\JBOSS\JBOSS - 30.09.2011\jboss-4.0.5.GA\server\default\tmp
11:53:06,297 DEBUG [Server] Server Config URL: file:/D:/JBOSS/JBOSS - 30.09.2011/jboss-4.0.5.GA/server/default/conf/
11:53:06,297 DEBUG [Server] Server Library URL: file:/D:/JBOSS/JBOSS - 30.09.2011/jboss-4.0.5.GA/server/default/lib/
11:53:06,297 INFO  [Server] Root Deployment Filename: jboss-service.xml
11:53:06,298 DEBUG [Server] Starting General Purpose Architecture (GPA)...
11:53:06,348 DEBUG [Server] Created MBeanServer: org.jboss.mx.server.MBeanServerImpl@42d0ab30[ defaultDomain='jboss' ]
11:53:06,354 DEBUG [Server] Boot url list: [file:/D:/JBOSS/JBOSS - 30.09.2011/jboss-4.0.5.GA/server/default/conf/]
11:53:06,354 DEBUG [Server] Creating loader for URL: file:/D:/JBOSS/JBOSS - 30.09.2011/jboss-4.0.5.GA/server/default/conf/
11:53:06,356 DEBUG [RepositoryClassLoader] setRepository, repository=org.jboss.mx.loading.UnifiedLoaderRepository3@548e1613, cl=org.jboss.mx.loading.UnifiedClassLoader3@25a6c516{ url=file:/D:/JBOSS/JBOSS - 30.09.2011/jboss-4.0.5.GA/server/default/conf/ ,addedOrder=0}
11:53:06,356 DEBUG [RepositoryClassLoader] setRepository, repository=org.jboss.mx.loading.UnifiedLoaderRepository3@548e1613, cl=org.jboss.mx.loading.UnifiedClassLoader3@25a6c516{ url=file:/D:/JBOSS/JBOSS - 30.09.2011/jboss-4.0.5.GA/server/default/conf/ ,addedOrder=0}
11:53:06,356 DEBUG [UnifiedLoaderRepository3] Adding org.jboss.mx.loading.UnifiedClassLoader3@25a6c516{ url=file:/D:/JBOSS/JBOSS - 30.09.2011/jboss-4.0.5.GA/server/default/conf/ ,addedOrder=0}
11:53:06,392 DEBUG [Server] Failed to create xmbean for: org.jboss.system.server.ServerInfo
11:53:06,393 INFO  [ServerInfo] Java version: 1.8.0_241,Oracle Corporation
11:53:06,393 INFO  [ServerInfo] Java VM: Java HotSpot(TM) 64-Bit Server VM 25.241-b07,Oracle Corporation
11:53:06,394 INFO  [ServerInfo] OS-System: Windows 10 10.0,amd64
11:53:06,394 DEBUG [ServerInfo] Full System Properties Dump
11:53:06,394 DEBUG [ServerInfo]     java.vendor: Oracle Corporation
11:53:06,394 DEBUG [ServerInfo]     sun.java.launcher: SUN_STANDARD
11:53:06,394 DEBUG [ServerInfo]     sun.management.compiler: HotSpot 64-Bit Tiered Compilers
11:53:06,394 DEBUG [ServerInfo]     os.name: Windows 10
11:53:06,394 DEBUG [ServerInfo]     sun.boot.class.path: D:\JBOSS\JBOSS - 30.09.2011\jboss-4.0.5.GA\bin\\..\lib\endorsed\resolver.jar;D:\JBOSS\JBOSS - 30.09.2011\jboss-4.0.5.GA\bin\\..\lib\endorsed\serializer.jar;D:\JBOSS\JBOSS - 30.09.2011\jboss-4.0.5.GA\bin\\..\lib\endorsed\xalan.jar;D:\JBOSS\JBOSS - 30.09.2011\jboss-4.0.5.GA\bin\\..\lib\endorsed\xercesImpl.jar;D:\JBOSS\JBOSS - 30.09.2011\jboss-4.0.5.GA\bin\\..\lib\endorsed\xml-apis.jar;C:\Program Files\Java\jdk1.8.0_241\jre\lib\resources.jar;C:\Program Files\Java\jdk1.8.0_241\jre\lib\rt.jar;C:\Program Files\Java\jdk1.8.0_241\jre\lib\sunrsasign.jar;C:\Program Files\Java\jdk1.8.0_241\jre\lib\jsse.jar;C:\Program Files\Java\jdk1.8.0_241\jre\lib\jce.jar;C:\Program Files\Java\jdk1.8.0_241\jre\lib\charsets.jar;C:\Program Files\Java\jdk1.8.0_241\jre\lib\jfr.jar;C:\Program Files\Java\jdk1.8.0_241\jre\classes
11:53:06,394 DEBUG [ServerInfo]     sun.desktop: windows
11:53:06,394 DEBUG [ServerInfo]     java.vm.specification.vendor: Oracle Corporation
11:53:06,394 DEBUG [ServerInfo]     java.runtime.version: 1.8.0_241-b07
11:53:06,394 DEBUG [ServerInfo]     user.name: Admin
11:53:06,394 DEBUG [ServerInfo]     jboss.bind.address: 0.0.0.0
11:53:06,394 DEBUG [ServerInfo]     jboss.home.dir: D:\JBOSS\JBOSS - 30.09.2011\jboss-4.0.5.GA
11:53:06,394 DEBUG [ServerInfo]     user.language: en
11:53:06,394 DEBUG [ServerInfo]     sun.boot.library.path: C:\Program Files\Java\jdk1.8.0_241\jre\bin
11:53:06,394 DEBUG [ServerInfo]     jboss.home.url: file:/D:/JBOSS/JBOSS - 30.09.2011/jboss-4.0.5.GA/
11:53:06,394 DEBUG [ServerInfo]     java.version: 1.8.0_241
11:53:06,394 DEBUG [ServerInfo]     user.timezone: EET
11:53:06,394 DEBUG [ServerInfo]     jboss.server.home.dir: D:\JBOSS\JBOSS - 30.09.2011\jboss-4.0.5.GA\server\default
11:53:06,394 DEBUG [ServerInfo]     sun.arch.data.model: 64
11:53:06,394 DEBUG [ServerInfo]     java.endorsed.dirs: D:\JBOSS\JBOSS - 30.09.2011\jboss-4.0.5.GA\bin\\..\lib\endorsed
11:53:06,395 DEBUG [ServerInfo]     jboss.server.home.url: file:/D:/JBOSS/JBOSS - 30.09.2011/jboss-4.0.5.GA/server/default/
11:53:06,395 DEBUG [ServerInfo]     sun.cpu.isalist: amd64
11:53:06,395 DEBUG [ServerInfo]     sun.jnu.encoding: Cp1252
11:53:06,395 DEBUG [ServerInfo]     file.encoding.pkg: sun.io
11:53:06,395 DEBUG [ServerInfo]     file.separator: \
11:53:06,395 DEBUG [ServerInfo]     java.specification.name: Java Platform API Specification
11:53:06,395 DEBUG [ServerInfo]     java.class.version: 52.0
11:53:06,395 DEBUG [ServerInfo]     jboss.server.config.url: file:/D:/JBOSS/JBOSS - 30.09.2011/jboss-4.0.5.GA/server/default/conf/
11:53:06,395 DEBUG [ServerInfo]     user.country: US
11:53:06,395 DEBUG [ServerInfo]     java.home: C:\Program Files\Java\jdk1.8.0_241\jre
11:53:06,395 DEBUG [ServerInfo]     java.vm.info: mixed mode
11:53:06,395 DEBUG [ServerInfo]     jboss.lib.url: file:/D:/JBOSS/JBOSS - 30.09.2011/jboss-4.0.5.GA/lib/
11:53:06,395 DEBUG [ServerInfo]     os.version: 10.0
11:53:06,395 DEBUG [ServerInfo]     path.separator: ;
11:53:06,395 DEBUG [ServerInfo]     java.vm.version: 25.241-b07
11:53:06,395 DEBUG [ServerInfo]     user.variant: 
11:53:06,395 DEBUG [ServerInfo]     java.protocol.handler.pkgs: org.jboss.net.protocol
11:53:06,395 DEBUG [ServerInfo]     java.awt.printerjob: sun.awt.windows.WPrinterJob
11:53:06,395 DEBUG [ServerInfo]     sun.io.unicode.encoding: UnicodeLittle
11:53:06,395 DEBUG [ServerInfo]     awt.toolkit: sun.awt.windows.WToolkit
11:53:06,395 DEBUG [ServerInfo]     sun.stdout.encoding: cp437
11:53:06,395 DEBUG [ServerInfo]     user.script: 
11:53:06,395 DEBUG [ServerInfo]     jboss.server.temp.dir: D:\JBOSS\JBOSS - 30.09.2011\jboss-4.0.5.GA\server\default\tmp
11:53:06,395 DEBUG [ServerInfo]     sun.rmi.dgc.client.gcInterval: 3600000
11:53:06,395 DEBUG [ServerInfo]     user.home: C:\Users\Admin
11:53:06,395 DEBUG [ServerInfo]     java.specification.vendor: Oracle Corporation
11:53:06,395 DEBUG [ServerInfo]     java.library.path: C:\Program Files\Java\jdk1.8.0_241\bin;C:\Windows\Sun\Java\bin;C:\Windows\system32;C:\Windows;C:\Program Files (x86)\Common Files\Oracle\Java\javapath;C:\Python27\;C:\Python27\Scripts;C:\Windows\system32;C:\Windows;C:\Windows\System32\Wbem;C:\Windows\System32\WindowsPowerShell\v1.0\;C:\Windows\System32\OpenSSH\;C:\Program Files\Java\jdk1.8.0_231\bin;C:\Program Files\WSO2\Enterprise Integrator\6.3.0\\bin;C:\Program Files\PuTTY\;C:\Program Files\Git\cmd;C:\Program Files\TortoiseGit\bin;D:\dev\play-2.2.1;D:\dev\apache-maven-3.6.3\bin;C:\Program Files\nodejs\;C:\ProgramData\chocolatey\bin;D:\apache-tomcat-8.5.51\bin;C:\Users\Admin\AppData\Local\Microsoft\WindowsApps;C:\Program Files\JetBrains\IntelliJ IDEA 2019.3.3\bin;;C:\Users\Admin\AppData\Local\Programs\Microsoft VS Code\bin;C:\Users\Admin\AppData\Roaming\npm;D:\Programm\JBOSS - 30.09.2011\jboss-4.0.5.GA\bin;;.
11:53:06,395 DEBUG [ServerInfo]     java.vendor.url: http://java.oracle.com/
11:53:06,395 DEBUG [ServerInfo]     program.name: run.bat
11:53:06,395 DEBUG [ServerInfo]     java.vm.vendor: Oracle Corporation
11:53:06,395 DEBUG [ServerInfo]     sun.rmi.dgc.server.gcInterval: 3600000
11:53:06,395 DEBUG [ServerInfo]     java.runtime.name: Java(TM) SE Runtime Environment
11:53:06,395 DEBUG [ServerInfo]     sun.java.command: org.jboss.Main
11:53:06,395 DEBUG [ServerInfo]     java.class.path: C:\Program Files\Java\jdk1.8.0_241\lib\tools.jar;D:\JBOSS\JBOSS - 30.09.2011\jboss-4.0.5.GA\bin\\run.jar
11:53:06,395 DEBUG [ServerInfo]     jboss.server.log.dir: D:\JBOSS\JBOSS - 30.09.2011\jboss-4.0.5.GA\server\default\log
11:53:06,395 DEBUG [ServerInfo]     jbossmx.loader.repository.class: org.jboss.mx.loading.UnifiedLoaderRepository3
11:53:06,395 DEBUG [ServerInfo]     java.vm.specification.name: Java Virtual Machine Specification
11:53:06,395 DEBUG [ServerInfo]     java.vm.specification.version: 1.8
11:53:06,395 DEBUG [ServerInfo]     sun.cpu.endian: little
11:53:06,395 DEBUG [ServerInfo]     sun.os.patch.level: 
11:53:06,395 DEBUG [ServerInfo]     jboss.server.lib.url: file:/D:/JBOSS/JBOSS - 30.09.2011/jboss-4.0.5.GA/server/default/lib/
11:53:06,395 DEBUG [ServerInfo]     java.io.tmpdir: C:\Users\Admin\AppData\Local\Temp\
11:53:06,395 DEBUG [ServerInfo]     java.vendor.url.bug: http://bugreport.sun.com/bugreport/
11:53:06,395 DEBUG [ServerInfo]     jboss.server.data.dir: D:\JBOSS\JBOSS - 30.09.2011\jboss-4.0.5.GA\server\default\data
11:53:06,395 DEBUG [ServerInfo]     os.arch: amd64
11:53:06,395 DEBUG [ServerInfo]     java.awt.graphicsenv: sun.awt.Win32GraphicsEnvironment
11:53:06,395 DEBUG [ServerInfo]     java.ext.dirs: C:\Program Files\Java\jdk1.8.0_241\jre\lib\ext;C:\Windows\Sun\Java\lib\ext
11:53:06,395 DEBUG [ServerInfo]     user.dir: D:\JBOSS\JBOSS - 30.09.2011\jboss-4.0.5.GA\bin
11:53:06,395 DEBUG [ServerInfo]     line.separator: 

11:53:06,395 DEBUG [ServerInfo]     java.vm.name: Java HotSpot(TM) 64-Bit Server VM
11:53:06,395 DEBUG [ServerInfo]     jboss.server.base.dir: D:\JBOSS\JBOSS - 30.09.2011\jboss-4.0.5.GA\server
11:53:06,395 DEBUG [ServerInfo]     jboss.server.base.url: file:/D:/JBOSS/JBOSS - 30.09.2011/jboss-4.0.5.GA/server/
11:53:06,396 DEBUG [ServerInfo]     javax.management.builder.initial: org.jboss.mx.server.MBeanServerBuilderImpl
11:53:06,396 DEBUG [ServerInfo]     file.encoding: Cp1252
11:53:06,396 DEBUG [ServerInfo]     sun.stderr.encoding: cp437
11:53:06,396 DEBUG [ServerInfo]     java.specification.version: 1.8
11:53:06,396 DEBUG [ServerInfo]     jboss.server.name: default
11:53:06,398 DEBUG [Server] Created system MBean: jboss.system:type=ServerInfo
11:53:06,401 DEBUG [Server] Failed to create xmbean for: org.jboss.system.ServiceController
11:53:06,407 DEBUG [ServiceController] Controller MBean online
11:53:06,407 DEBUG [Server] Created system MBean: jboss.system:service=ServiceController
11:53:06,443 DEBUG [Server] Created system XMBean: jboss.system:service=MainDeployer
11:53:06,443 DEBUG [ServiceController] Creating service jboss.system:service=MainDeployer
11:53:06,446 DEBUG [MainDeployer] Creating jboss.system:service=MainDeployer
11:53:06,812 DEBUG [MainDeployer] Created jboss.system:service=MainDeployer
11:53:06,812 DEBUG [ServiceController] Creating dependent components for: jboss.system:service=MainDeployer dependents are: []
11:53:06,813 DEBUG [ServiceController] starting service jboss.system:service=MainDeployer
11:53:06,813 DEBUG [MainDeployer] Starting jboss.system:service=MainDeployer
11:53:06,813 DEBUG [MainDeployer] Started jboss.system:service=MainDeployer
11:53:06,813 DEBUG [ServiceController] Starting dependent components for: jboss.system:service=MainDeployer dependent components: []
11:53:06,813 DEBUG [Server] Shutdown hook added
11:53:06,846 DEBUG [Server] Created system XMBean: jboss.system:service=JARDeployer
11:53:06,846 DEBUG [ServiceController] Creating service jboss.system:service=JARDeployer
11:53:06,846 DEBUG [JARDeployer] Creating jboss.system:service=JARDeployer
11:53:06,850 DEBUG [JARDeployer] Created jboss.system:service=JARDeployer
11:53:06,850 DEBUG [ServiceController] Creating dependent components for: jboss.system:service=JARDeployer dependents are: []
11:53:06,850 DEBUG [ServiceController] starting service jboss.system:service=JARDeployer
11:53:06,850 DEBUG [JARDeployer] Starting jboss.system:service=JARDeployer
11:53:06,850 DEBUG [MainDeployer] Adding deployer: org.jboss.deployment.JARDeployer@25ce530f
11:53:06,850 DEBUG [SuffixOrderHelper] Static suffix exists; ignoring request for adding enhanced suffix: 700:.jar
11:53:06,850 DEBUG [JARDeployer] Started jboss.system:service=JARDeployer
11:53:06,850 DEBUG [ServiceController] Starting dependent components for: jboss.system:service=JARDeployer dependent components: []
11:53:06,857 DEBUG [Server] Created system XMBean: jboss.system:service=ServiceDeployer
11:53:06,857 DEBUG [ServiceController] Creating service jboss.system:service=ServiceDeployer
11:53:06,857 DEBUG [SARDeployer] Creating jboss.system:service=ServiceDeployer
11:53:06,860 DEBUG [SARDeployer] Created jboss.system:service=ServiceDeployer
11:53:06,860 DEBUG [ServiceController] Creating dependent components for: jboss.system:service=ServiceDeployer dependents are: []
11:53:06,860 DEBUG [ServiceController] starting service jboss.system:service=ServiceDeployer
11:53:06,860 DEBUG [SARDeployer] Starting jboss.system:service=ServiceDeployer
11:53:06,860 DEBUG [MainDeployer] Adding deployer: org.jboss.deployment.SARDeployer@6defbdbc
11:53:06,862 DEBUG [SARDeployer] Started jboss.system:service=ServiceDeployer
11:53:06,862 DEBUG [ServiceController] Starting dependent components for: jboss.system:service=ServiceDeployer dependent components: []
11:53:06,862 INFO  [Server] Core system initialized
11:53:06,866 DEBUG [MainDeployer] Starting deployment of package: file:/D:/JBOSS/JBOSS - 30.09.2011/jboss-4.0.5.GA/server/default/conf/jboss-service.xml
11:53:06,866 DEBUG [MainDeployer] Starting deployment (init step) of package at: file:/D:/JBOSS/JBOSS - 30.09.2011/jboss-4.0.5.GA/server/default/conf/jboss-service.xml
11:53:06,935 DEBUG [MainDeployer] Copying file:/D:/JBOSS/JBOSS - 30.09.2011/jboss-4.0.5.GA/server/default/conf/jboss-service.xml -> D:\JBOSS\JBOSS - 30.09.2011\jboss-4.0.5.GA\server\default\tmp\deploy\tmp435077854268932667jboss-service.xml
11:53:06,937 DEBUG [MainDeployer] using deployer org.jboss.deployment.SARDeployer@6defbdbc
11:53:06,948 DEBUG [SARDeployer] Found classpath element: [classpath: null]
11:53:06,949 DEBUG [SARDeployer] codebase URL is file:/D:/JBOSS/JBOSS - 30.09.2011/jboss-4.0.5.GA/server/default/lib/
11:53:06,949 DEBUG [SARDeployer] listing codebase for archives matching *
11:53:06,950 DEBUG [SARDeployer] URLLister class is org.jboss.net.protocol.file.FileURLLister
11:53:06,952 DEBUG [SARDeployer] deployed classes for file:/D:/JBOSS/JBOSS - 30.09.2011/jboss-4.0.5.GA/server/default/lib/activation.jar
11:53:06,952 DEBUG [SARDeployer] deployed classes for file:/D:/JBOSS/JBOSS - 30.09.2011/jboss-4.0.5.GA/server/default/lib/antlr-2.7.6.jar
11:53:06,952 DEBUG [SARDeployer] deployed classes for file:/D:/JBOSS/JBOSS - 30.09.2011/jboss-4.0.5.GA/server/default/lib/autonumber-plugin.jar
11:53:06,952 DEBUG [SARDeployer] deployed classes for file:/D:/JBOSS/JBOSS - 30.09.2011/jboss-4.0.5.GA/server/default/lib/bcel.jar
11:53:06,952 DEBUG [SARDeployer] deployed classes for file:/D:/JBOSS/JBOSS - 30.09.2011/jboss-4.0.5.GA/server/default/lib/bcprov-jdk14-124.jar
11:53:06,952 DEBUG [SARDeployer] deployed classes for file:/D:/JBOSS/JBOSS - 30.09.2011/jboss-4.0.5.GA/server/default/lib/bindingservice-plugin.jar
11:53:06,952 DEBUG [SARDeployer] deployed classes for file:/D:/JBOSS/JBOSS - 30.09.2011/jboss-4.0.5.GA/server/default/lib/bsf.jar
11:53:06,952 DEBUG [SARDeployer] deployed classes for file:/D:/JBOSS/JBOSS - 30.09.2011/jboss-4.0.5.GA/server/default/lib/bsh-1.3.0.jar
11:53:06,952 DEBUG [SARDeployer] deployed classes for file:/D:/JBOSS/JBOSS - 30.09.2011/jboss-4.0.5.GA/server/default/lib/bsh-deployer.jar
11:53:06,952 DEBUG [SARDeployer] deployed classes for file:/D:/JBOSS/JBOSS - 30.09.2011/jboss-4.0.5.GA/server/default/lib/cglib.jar
11:53:06,952 DEBUG [SARDeployer] deployed classes for file:/D:/JBOSS/JBOSS - 30.09.2011/jboss-4.0.5.GA/server/default/lib/classes-1.2.jar
11:53:06,952 DEBUG [SARDeployer] deployed classes for file:/D:/JBOSS/JBOSS - 30.09.2011/jboss-4.0.5.GA/server/default/lib/commons-beanutils-1.7.0.jar
11:53:06,952 DEBUG [SARDeployer] deployed classes for file:/D:/JBOSS/JBOSS - 30.09.2011/jboss-4.0.5.GA/server/default/lib/commons-codec-1.3.jar
11:53:06,952 DEBUG [SARDeployer] deployed classes for file:/D:/JBOSS/JBOSS - 30.09.2011/jboss-4.0.5.GA/server/default/lib/commons-collections.jar
11:53:06,952 DEBUG [SARDeployer] deployed classes for file:/D:/JBOSS/JBOSS - 30.09.2011/jboss-4.0.5.GA/server/default/lib/commons-digester-1.7.jar
11:53:06,952 DEBUG [SARDeployer] deployed classes for file:/D:/JBOSS/JBOSS - 30.09.2011/jboss-4.0.5.GA/server/default/lib/commons-fileupload-1.0.jar
11:53:06,952 DEBUG [SARDeployer] deployed classes for file:/D:/JBOSS/JBOSS - 30.09.2011/jboss-4.0.5.GA/server/default/lib/commons-httpclient.jar
11:53:06,952 DEBUG [SARDeployer] deployed classes for file:/D:/JBOSS/JBOSS - 30.09.2011/jboss-4.0.5.GA/server/default/lib/commons-lang-2.1.jar
11:53:06,952 DEBUG [SARDeployer] deployed classes for file:/D:/JBOSS/JBOSS - 30.09.2011/jboss-4.0.5.GA/server/default/lib/commons-logging.jar
11:53:06,952 DEBUG [SARDeployer] deployed classes for file:/D:/JBOSS/JBOSS - 30.09.2011/jboss-4.0.5.GA/server/default/lib/commons-validator-1.1.4.jar
11:53:06,952 DEBUG [SARDeployer] deployed classes for file:/D:/JBOSS/JBOSS - 30.09.2011/jboss-4.0.5.GA/server/default/lib/commons-vfs-20050307052300.jar
11:53:06,952 DEBUG [SARDeployer] deployed classes for file:/D:/JBOSS/JBOSS - 30.09.2011/jboss-4.0.5.GA/server/default/lib/composite-fmk-2.0.2.6.jar
11:53:06,952 DEBUG [SARDeployer] deployed classes for file:/D:/JBOSS/JBOSS - 30.09.2011/jboss-4.0.5.GA/server/default/lib/dom4j.jar
11:53:06,952 DEBUG [SARDeployer] deployed classes for file:/D:/JBOSS/JBOSS - 30.09.2011/jboss-4.0.5.GA/server/default/lib/ehcache-1.1.jar
11:53:06,952 DEBUG [SARDeployer] deployed classes for file:/D:/JBOSS/JBOSS - 30.09.2011/jboss-4.0.5.GA/server/default/lib/ejb3-persistence.jar
11:53:06,952 DEBUG [SARDeployer] deployed classes for file:/D:/JBOSS/JBOSS - 30.09.2011/jboss-4.0.5.GA/server/default/lib/freemarker-2.3.3.jar
11:53:06,952 DEBUG [SARDeployer] deployed classes for file:/D:/JBOSS/JBOSS - 30.09.2011/jboss-4.0.5.GA/server/default/lib/hibernate-2.1.8.jar
11:53:06,952 DEBUG [SARDeployer] deployed classes for file:/D:/JBOSS/JBOSS - 30.09.2011/jboss-4.0.5.GA/server/default/lib/hibernate-annotations.jar
11:53:06,952 DEBUG [SARDeployer] deployed classes for file:/D:/JBOSS/JBOSS - 30.09.2011/jboss-4.0.5.GA/server/default/lib/hibernate-entitymanager.jar
11:53:06,952 DEBUG [SARDeployer] deployed classes for file:/D:/JBOSS/JBOSS - 30.09.2011/jboss-4.0.5.GA/server/default/lib/hibernate3.jar
11:53:06,952 DEBUG [SARDeployer] deployed classes for file:/D:/JBOSS/JBOSS - 30.09.2011/jboss-4.0.5.GA/server/default/lib/hsqldb-plugin.jar
11:53:06,952 DEBUG [SARDeployer] deployed classes for file:/D:/JBOSS/JBOSS - 30.09.2011/jboss-4.0.5.GA/server/default/lib/hsqldb.jar
11:53:06,952 DEBUG [SARDeployer] deployed classes for file:/D:/JBOSS/JBOSS - 30.09.2011/jboss-4.0.5.GA/server/default/lib/ibatis2-common-2.1.0.565.jar
11:53:06,952 DEBUG [SARDeployer] deployed classes for file:/D:/JBOSS/JBOSS - 30.09.2011/jboss-4.0.5.GA/server/default/lib/ibatis2-sqlmap-2.1.0.565.jar
11:53:06,952 DEBUG [SARDeployer] deployed classes for file:/D:/JBOSS/JBOSS - 30.09.2011/jboss-4.0.5.GA/server/default/lib/javassist.jar
11:53:06,952 DEBUG [SARDeployer] deployed classes for file:/D:/JBOSS/JBOSS - 30.09.2011/jboss-4.0.5.GA/server/default/lib/javax.servlet.jar
11:53:06,952 DEBUG [SARDeployer] deployed classes for file:/D:/JBOSS/JBOSS - 30.09.2011/jboss-4.0.5.GA/server/default/lib/javax.servlet.jsp.jar
11:53:06,952 DEBUG [SARDeployer] deployed classes for file:/D:/JBOSS/JBOSS - 30.09.2011/jboss-4.0.5.GA/server/default/lib/jaxen.jar
11:53:06,952 DEBUG [SARDeployer] deployed classes for file:/D:/JBOSS/JBOSS - 30.09.2011/jboss-4.0.5.GA/server/default/lib/jboss-backport-concurrent.jar
11:53:06,952 DEBUG [SARDeployer] deployed classes for file:/D:/JBOSS/JBOSS - 30.09.2011/jboss-4.0.5.GA/server/default/lib/jboss-common-jdbc-wrapper.jar
11:53:06,952 DEBUG [SARDeployer] deployed classes for file:/D:/JBOSS/JBOSS - 30.09.2011/jboss-4.0.5.GA/server/default/lib/jboss-hibernate.jar
11:53:06,952 DEBUG [SARDeployer] deployed classes for file:/D:/JBOSS/JBOSS - 30.09.2011/jboss-4.0.5.GA/server/default/lib/jboss-j2ee.jar
11:53:06,952 DEBUG [SARDeployer] deployed classes for file:/D:/JBOSS/JBOSS - 30.09.2011/jboss-4.0.5.GA/server/default/lib/jboss-jaxrpc.jar
11:53:06,952 DEBUG [SARDeployer] deployed classes for file:/D:/JBOSS/JBOSS - 30.09.2011/jboss-4.0.5.GA/server/default/lib/jboss-jca.jar
11:53:06,952 DEBUG [SARDeployer] deployed classes for file:/D:/JBOSS/JBOSS - 30.09.2011/jboss-4.0.5.GA/server/default/lib/jboss-jsr77.jar
11:53:06,952 DEBUG [SARDeployer] deployed classes for file:/D:/JBOSS/JBOSS - 30.09.2011/jboss-4.0.5.GA/server/default/lib/jboss-jsr88.jar
11:53:06,952 DEBUG [SARDeployer] deployed classes for file:/D:/JBOSS/JBOSS - 30.09.2011/jboss-4.0.5.GA/server/default/lib/jboss-management.jar
11:53:06,952 DEBUG [SARDeployer] deployed classes for file:/D:/JBOSS/JBOSS - 30.09.2011/jboss-4.0.5.GA/server/default/lib/jboss-monitoring.jar
11:53:06,952 DEBUG [SARDeployer] deployed classes for file:/D:/JBOSS/JBOSS - 30.09.2011/jboss-4.0.5.GA/server/default/lib/jboss-remoting-int.jar
11:53:06,952 DEBUG [SARDeployer] deployed classes for file:/D:/JBOSS/JBOSS - 30.09.2011/jboss-4.0.5.GA/server/default/lib/jboss-remoting.jar
11:53:06,952 DEBUG [SARDeployer] deployed classes for file:/D:/JBOSS/JBOSS - 30.09.2011/jboss-4.0.5.GA/server/default/lib/jboss-saaj.jar
11:53:06,952 DEBUG [SARDeployer] deployed classes for file:/D:/JBOSS/JBOSS - 30.09.2011/jboss-4.0.5.GA/server/default/lib/jboss-serialization.jar
11:53:06,952 DEBUG [SARDeployer] deployed classes for file:/D:/JBOSS/JBOSS - 30.09.2011/jboss-4.0.5.GA/server/default/lib/jboss-srp.jar
11:53:06,952 DEBUG [SARDeployer] deployed classes for file:/D:/JBOSS/JBOSS - 30.09.2011/jboss-4.0.5.GA/server/default/lib/jboss-transaction.jar
11:53:06,952 DEBUG [SARDeployer] deployed classes for file:/D:/JBOSS/JBOSS - 30.09.2011/jboss-4.0.5.GA/server/default/lib/jboss.jar
11:53:06,952 DEBUG [SARDeployer] deployed classes for file:/D:/JBOSS/JBOSS - 30.09.2011/jboss-4.0.5.GA/server/default/lib/jbossmq.jar
11:53:06,953 DEBUG [SARDeployer] deployed classes for file:/D:/JBOSS/JBOSS - 30.09.2011/jboss-4.0.5.GA/server/default/lib/jbossretro-rt.jar
11:53:06,953 DEBUG [SARDeployer] deployed classes for file:/D:/JBOSS/JBOSS - 30.09.2011/jboss-4.0.5.GA/server/default/lib/jbosssx.jar
11:53:06,953 DEBUG [SARDeployer] deployed classes for file:/D:/JBOSS/JBOSS - 30.09.2011/jboss-4.0.5.GA/server/default/lib/jdom-1.0.jar
11:53:06,953 DEBUG [SARDeployer] deployed classes for file:/D:/JBOSS/JBOSS - 30.09.2011/jboss-4.0.5.GA/server/default/lib/jms-1.1.jar
11:53:06,953 DEBUG [SARDeployer] deployed classes for file:/D:/JBOSS/JBOSS - 30.09.2011/jboss-4.0.5.GA/server/default/lib/jmx-adaptor-plugin.jar
11:53:06,953 DEBUG [SARDeployer] deployed classes for file:/D:/JBOSS/JBOSS - 30.09.2011/jboss-4.0.5.GA/server/default/lib/jnpserver.jar
11:53:06,953 DEBUG [SARDeployer] deployed classes for file:/D:/JBOSS/JBOSS - 30.09.2011/jboss-4.0.5.GA/server/default/lib/joesnmp.jar
11:53:06,953 DEBUG [SARDeployer] deployed classes for file:/D:/JBOSS/JBOSS - 30.09.2011/jboss-4.0.5.GA/server/default/lib/jpl-pattern.jar
11:53:06,953 DEBUG [SARDeployer] deployed classes for file:/D:/JBOSS/JBOSS - 30.09.2011/jboss-4.0.5.GA/server/default/lib/jpl-util.jar
11:53:06,953 DEBUG [SARDeployer] deployed classes for file:/D:/JBOSS/JBOSS - 30.09.2011/jboss-4.0.5.GA/server/default/lib/jstl-1.1.0.jar
11:53:06,953 DEBUG [SARDeployer] deployed classes for file:/D:/JBOSS/JBOSS - 30.09.2011/jboss-4.0.5.GA/server/default/lib/log4j-snmp-appender.jar
11:53:06,953 DEBUG [SARDeployer] deployed classes for file:/D:/JBOSS/JBOSS - 30.09.2011/jboss-4.0.5.GA/server/default/lib/log4j.jar
11:53:06,953 DEBUG [SARDeployer] deployed classes for file:/D:/JBOSS/JBOSS - 30.09.2011/jboss-4.0.5.GA/server/default/lib/lucene-1.4.3.jar
11:53:06,953 DEBUG [SARDeployer] deployed classes for file:/D:/JBOSS/JBOSS - 30.09.2011/jboss-4.0.5.GA/server/default/lib/mail-plugin.jar
11:53:06,953 DEBUG [SARDeployer] deployed classes for file:/D:/JBOSS/JBOSS - 30.09.2011/jboss-4.0.5.GA/server/default/lib/mail.jar
11:53:06,953 DEBUG [SARDeployer] deployed classes for file:/D:/JBOSS/JBOSS - 30.09.2011/jboss-4.0.5.GA/server/default/lib/oro-2.0.8.jar
11:53:06,953 DEBUG [SARDeployer] deployed classes for file:/D:/JBOSS/JBOSS - 30.09.2011/jboss-4.0.5.GA/server/default/lib/oscache-2.3.jar
11:53:06,953 DEBUG [SARDeployer] deployed classes for file:/D:/JBOSS/JBOSS - 30.09.2011/jboss-4.0.5.GA/server/default/lib/properties-plugin.jar
11:53:06,953 DEBUG [SARDeployer] deployed classes for file:/D:/JBOSS/JBOSS - 30.09.2011/jboss-4.0.5.GA/server/default/lib/quartz-1.6.0.jar
11:53:06,953 DEBUG [SARDeployer] deployed classes for file:/D:/JBOSS/JBOSS - 30.09.2011/jboss-4.0.5.GA/server/default/lib/scheduler-plugin-example.jar
11:53:06,953 DEBUG [SARDeployer] deployed classes for file:/D:/JBOSS/JBOSS - 30.09.2011/jboss-4.0.5.GA/server/default/lib/scheduler-plugin.jar
11:53:06,953 DEBUG [SARDeployer] deployed classes for file:/D:/JBOSS/JBOSS - 30.09.2011/jboss-4.0.5.GA/server/default/lib/string-1.1.0.jar
11:53:06,953 DEBUG [SARDeployer] deployed classes for file:/D:/JBOSS/JBOSS - 30.09.2011/jboss-4.0.5.GA/server/default/lib/struts-1.2.7.jar
11:53:06,953 DEBUG [SARDeployer] deployed classes for file:/D:/JBOSS/JBOSS - 30.09.2011/jboss-4.0.5.GA/server/default/lib/testng-4.5.2-jdk14.jar
11:53:06,953 DEBUG [SARDeployer] deployed classes for file:/D:/JBOSS/JBOSS - 30.09.2011/jboss-4.0.5.GA/server/default/lib/trove-1.0.2.jar
11:53:06,953 DEBUG [SARDeployer] deployed classes for file:/D:/JBOSS/JBOSS - 30.09.2011/jboss-4.0.5.GA/server/default/lib/wsdl4j.jar
11:53:06,953 DEBUG [SARDeployer] deployed classes for file:/D:/JBOSS/JBOSS - 30.09.2011/jboss-4.0.5.GA/server/default/lib/xmlentitymgr.jar
11:53:06,953 DEBUG [SARDeployer] about to copy 0 local directories
11:53:06,953 DEBUG [SARDeployer] looking for nested deployments in : file:/D:/JBOSS/JBOSS - 30.09.2011/jboss-4.0.5.GA/server/default/conf/jboss-service.xml
11:53:06,960 DEBUG [DeploymentInfo] createLoaderRepository from config: LoaderRepositoryConfig(repositoryName: JMImplementation:service=LoaderRepository,name=Default, repositoryClassName: null, configParserClassName: null, repositoryConfig: null)
11:53:06,960 DEBUG [RepositoryClassLoader] setRepository, repository=org.jboss.mx.loading.UnifiedLoaderRepository3@548e1613, cl=org.jboss.mx.loading.UnifiedClassLoader3@65e7c89{ url=null ,addedOrder=0}
11:53:06,960 DEBUG [RepositoryClassLoader] setRepository, repository=org.jboss.mx.loading.UnifiedLoaderRepository3@548e1613, cl=org.jboss.mx.loading.UnifiedClassLoader3@65e7c89{ url=null ,addedOrder=0}
11:53:06,960 DEBUG [UnifiedLoaderRepository3] Adding org.jboss.mx.loading.UnifiedClassLoader3@65e7c89{ url=null ,addedOrder=0}
11:53:06,966 DEBUG [RepositoryClassLoader] Added url: file:/D:/JBOSS/JBOSS - 30.09.2011/jboss-4.0.5.GA/server/default/lib/activation.jar, to ucl: org.jboss.mx.loading.UnifiedClassLoader3@65e7c89{ url=null ,addedOrder=2}
11:53:06,976 DEBUG [RepositoryClassLoader] Added url: file:/D:/JBOSS/JBOSS - 30.09.2011/jboss-4.0.5.GA/server/default/lib/antlr-2.7.6.jar, to ucl: org.jboss.mx.loading.UnifiedClassLoader3@65e7c89{ url=null ,addedOrder=2}
11:53:06,976 DEBUG [RepositoryClassLoader] Added url: file:/D:/JBOSS/JBOSS - 30.09.2011/jboss-4.0.5.GA/server/default/lib/autonumber-plugin.jar, to ucl: org.jboss.mx.loading.UnifiedClassLoader3@65e7c89{ url=null ,addedOrder=2}
11:53:06,987 DEBUG [RepositoryClassLoader] Added url: file:/D:/JBOSS/JBOSS - 30.09.2011/jboss-4.0.5.GA/server/default/lib/bcel.jar, to ucl: org.jboss.mx.loading.UnifiedClassLoader3@65e7c89{ url=null ,addedOrder=2}
11:53:07,005 DEBUG [RepositoryClassLoader] Added url: file:/D:/JBOSS/JBOSS - 30.09.2011/jboss-4.0.5.GA/server/default/lib/bcprov-jdk14-124.jar, to ucl: org.jboss.mx.loading.UnifiedClassLoader3@65e7c89{ url=null ,addedOrder=2}
11:53:07,006 DEBUG [RepositoryClassLoader] Added url: file:/D:/JBOSS/JBOSS - 30.09.2011/jboss-4.0.5.GA/server/default/lib/bindingservice-plugin.jar, to ucl: org.jboss.mx.loading.UnifiedClassLoader3@65e7c89{ url=null ,addedOrder=2}
11:53:07,010 DEBUG [RepositoryClassLoader] Added url: file:/D:/JBOSS/JBOSS - 30.09.2011/jboss-4.0.5.GA/server/default/lib/bsf.jar, to ucl: org.jboss.mx.loading.UnifiedClassLoader3@65e7c89{ url=null ,addedOrder=2}
11:53:07,015 DEBUG [RepositoryClassLoader] Added url: file:/D:/JBOSS/JBOSS - 30.09.2011/jboss-4.0.5.GA/server/default/lib/bsh-1.3.0.jar, to ucl: org.jboss.mx.loading.UnifiedClassLoader3@65e7c89{ url=null ,addedOrder=2}
11:53:07,015 DEBUG [RepositoryClassLoader] Added url: file:/D:/JBOSS/JBOSS - 30.09.2011/jboss-4.0.5.GA/server/default/lib/bsh-deployer.jar, to ucl: org.jboss.mx.loading.UnifiedClassLoader3@65e7c89{ url=null ,addedOrder=2}
11:53:07,015 DEBUG [ClassLoaderUtils] Multiple class loaders found for pkg: 
11:53:07,022 DEBUG [RepositoryClassLoader] Added url: file:/D:/JBOSS/JBOSS - 30.09.2011/jboss-4.0.5.GA/server/default/lib/cglib.jar, to ucl: org.jboss.mx.loading.UnifiedClassLoader3@65e7c89{ url=null ,addedOrder=2}
11:53:07,052 DEBUG [RepositoryClassLoader] Added url: file:/D:/JBOSS/JBOSS - 30.09.2011/jboss-4.0.5.GA/server/default/lib/classes-1.2.jar, to ucl: org.jboss.mx.loading.UnifiedClassLoader3@65e7c89{ url=null ,addedOrder=2}
11:53:07,056 DEBUG [RepositoryClassLoader] Added url: file:/D:/JBOSS/JBOSS - 30.09.2011/jboss-4.0.5.GA/server/default/lib/commons-beanutils-1.7.0.jar, to ucl: org.jboss.mx.loading.UnifiedClassLoader3@65e7c89{ url=null ,addedOrder=2}
11:53:07,057 DEBUG [RepositoryClassLoader] Added url: file:/D:/JBOSS/JBOSS - 30.09.2011/jboss-4.0.5.GA/server/default/lib/commons-codec-1.3.jar, to ucl: org.jboss.mx.loading.UnifiedClassLoader3@65e7c89{ url=null ,addedOrder=2}
11:53:07,068 DEBUG [RepositoryClassLoader] Added url: file:/D:/JBOSS/JBOSS - 30.09.2011/jboss-4.0.5.GA/server/default/lib/commons-collections.jar, to ucl: org.jboss.mx.loading.UnifiedClassLoader3@65e7c89{ url=null ,addedOrder=2}
11:53:07,071 DEBUG [RepositoryClassLoader] Added url: file:/D:/JBOSS/JBOSS - 30.09.2011/jboss-4.0.5.GA/server/default/lib/commons-digester-1.7.jar, to ucl: org.jboss.mx.loading.UnifiedClassLoader3@65e7c89{ url=null ,addedOrder=2}
11:53:07,072 DEBUG [RepositoryClassLoader] Added url: file:/D:/JBOSS/JBOSS - 30.09.2011/jboss-4.0.5.GA/server/default/lib/commons-fileupload-1.0.jar, to ucl: org.jboss.mx.loading.UnifiedClassLoader3@65e7c89{ url=null ,addedOrder=2}
11:53:07,077 DEBUG [RepositoryClassLoader] Added url: file:/D:/JBOSS/JBOSS - 30.09.2011/jboss-4.0.5.GA/server/default/lib/commons-httpclient.jar, to ucl: org.jboss.mx.loading.UnifiedClassLoader3@65e7c89{ url=null ,addedOrder=2}
11:53:07,081 DEBUG [RepositoryClassLoader] Added url: file:/D:/JBOSS/JBOSS - 30.09.2011/jboss-4.0.5.GA/server/default/lib/commons-lang-2.1.jar, to ucl: org.jboss.mx.loading.UnifiedClassLoader3@65e7c89{ url=null ,addedOrder=2}
11:53:07,082 DEBUG [RepositoryClassLoader] Added url: file:/D:/JBOSS/JBOSS - 30.09.2011/jboss-4.0.5.GA/server/default/lib/commons-logging.jar, to ucl: org.jboss.mx.loading.UnifiedClassLoader3@65e7c89{ url=null ,addedOrder=2}
11:53:07,084 DEBUG [RepositoryClassLoader] Added url: file:/D:/JBOSS/JBOSS - 30.09.2011/jboss-4.0.5.GA/server/default/lib/commons-validator-1.1.4.jar, to ucl: org.jboss.mx.loading.UnifiedClassLoader3@65e7c89{ url=null ,addedOrder=2}
11:53:07,090 DEBUG [RepositoryClassLoader] Added url: file:/D:/JBOSS/JBOSS - 30.09.2011/jboss-4.0.5.GA/server/default/lib/commons-vfs-20050307052300.jar, to ucl: org.jboss.mx.loading.UnifiedClassLoader3@65e7c89{ url=null ,addedOrder=2}
11:53:07,093 DEBUG [RepositoryClassLoader] Added url: file:/D:/JBOSS/JBOSS - 30.09.2011/jboss-4.0.5.GA/server/default/lib/composite-fmk-2.0.2.6.jar, to ucl: org.jboss.mx.loading.UnifiedClassLoader3@65e7c89{ url=null ,addedOrder=2}
11:53:07,100 DEBUG [RepositoryClassLoader] Added url: file:/D:/JBOSS/JBOSS - 30.09.2011/jboss-4.0.5.GA/server/default/lib/dom4j.jar, to ucl: org.jboss.mx.loading.UnifiedClassLoader3@65e7c89{ url=null ,addedOrder=2}
11:53:07,101 DEBUG [RepositoryClassLoader] Added url: file:/D:/JBOSS/JBOSS - 30.09.2011/jboss-4.0.5.GA/server/default/lib/ehcache-1.1.jar, to ucl: org.jboss.mx.loading.UnifiedClassLoader3@65e7c89{ url=null ,addedOrder=2}
11:53:07,102 DEBUG [RepositoryClassLoader] Added url: file:/D:/JBOSS/JBOSS - 30.09.2011/jboss-4.0.5.GA/server/default/lib/ejb3-persistence.jar, to ucl: org.jboss.mx.loading.UnifiedClassLoader3@65e7c89{ url=null ,addedOrder=2}
11:53:07,118 DEBUG [RepositoryClassLoader] Added url: file:/D:/JBOSS/JBOSS - 30.09.2011/jboss-4.0.5.GA/server/default/lib/freemarker-2.3.3.jar, to ucl: org.jboss.mx.loading.UnifiedClassLoader3@65e7c89{ url=null ,addedOrder=2}
11:53:07,138 DEBUG [RepositoryClassLoader] Added url: file:/D:/JBOSS/JBOSS - 30.09.2011/jboss-4.0.5.GA/server/default/lib/hibernate-2.1.8.jar, to ucl: org.jboss.mx.loading.UnifiedClassLoader3@65e7c89{ url=null ,addedOrder=2}
11:53:07,145 DEBUG [RepositoryClassLoader] Added url: file:/D:/JBOSS/JBOSS - 30.09.2011/jboss-4.0.5.GA/server/default/lib/hibernate-annotations.jar, to ucl: org.jboss.mx.loading.UnifiedClassLoader3@65e7c89{ url=null ,addedOrder=2}
11:53:07,148 DEBUG [RepositoryClassLoader] Added url: file:/D:/JBOSS/JBOSS - 30.09.2011/jboss-4.0.5.GA/server/default/lib/hibernate-entitymanager.jar, to ucl: org.jboss.mx.loading.UnifiedClassLoader3@65e7c89{ url=null ,addedOrder=2}
11:53:07,192 DEBUG [RepositoryClassLoader] Added url: file:/D:/JBOSS/JBOSS - 30.09.2011/jboss-4.0.5.GA/server/default/lib/hibernate3.jar, to ucl: org.jboss.mx.loading.UnifiedClassLoader3@65e7c89{ url=null ,addedOrder=2}
11:53:07,192 DEBUG [RepositoryClassLoader] Added url: file:/D:/JBOSS/JBOSS - 30.09.2011/jboss-4.0.5.GA/server/default/lib/hsqldb-plugin.jar, to ucl: org.jboss.mx.loading.UnifiedClassLoader3@65e7c89{ url=null ,addedOrder=2}
11:53:07,205 DEBUG [RepositoryClassLoader] Added url: file:/D:/JBOSS/JBOSS - 30.09.2011/jboss-4.0.5.GA/server/default/lib/hsqldb.jar, to ucl: org.jboss.mx.loading.UnifiedClassLoader3@65e7c89{ url=null ,addedOrder=2}
11:53:07,206 DEBUG [RepositoryClassLoader] Added url: file:/D:/JBOSS/JBOSS - 30.09.2011/jboss-4.0.5.GA/server/default/lib/ibatis2-common-2.1.0.565.jar, to ucl: org.jboss.mx.loading.UnifiedClassLoader3@65e7c89{ url=null ,addedOrder=2}
11:53:07,212 DEBUG [RepositoryClassLoader] Added url: file:/D:/JBOSS/JBOSS - 30.09.2011/jboss-4.0.5.GA/server/default/lib/ibatis2-sqlmap-2.1.0.565.jar, to ucl: org.jboss.mx.loading.UnifiedClassLoader3@65e7c89{ url=null ,addedOrder=2}
11:53:07,222 DEBUG [RepositoryClassLoader] Added url: file:/D:/JBOSS/JBOSS - 30.09.2011/jboss-4.0.5.GA/server/default/lib/javassist.jar, to ucl: org.jboss.mx.loading.UnifiedClassLoader3@65e7c89{ url=null ,addedOrder=2}
11:53:07,225 DEBUG [RepositoryClassLoader] Added url: file:/D:/JBOSS/JBOSS - 30.09.2011/jboss-4.0.5.GA/server/default/lib/javax.servlet.jar, to ucl: org.jboss.mx.loading.UnifiedClassLoader3@65e7c89{ url=null ,addedOrder=2}
11:53:07,226 DEBUG [RepositoryClassLoader] Added url: file:/D:/JBOSS/JBOSS - 30.09.2011/jboss-4.0.5.GA/server/default/lib/javax.servlet.jsp.jar, to ucl: org.jboss.mx.loading.UnifiedClassLoader3@65e7c89{ url=null ,addedOrder=2}
11:53:07,231 DEBUG [RepositoryClassLoader] Added url: file:/D:/JBOSS/JBOSS - 30.09.2011/jboss-4.0.5.GA/server/default/lib/jaxen.jar, to ucl: org.jboss.mx.loading.UnifiedClassLoader3@65e7c89{ url=null ,addedOrder=2}
11:53:07,238 DEBUG [RepositoryClassLoader] Added url: file:/D:/JBOSS/JBOSS - 30.09.2011/jboss-4.0.5.GA/server/default/lib/jboss-backport-concurrent.jar, to ucl: org.jboss.mx.loading.UnifiedClassLoader3@65e7c89{ url=null ,addedOrder=2}
11:53:07,240 DEBUG [RepositoryClassLoader] Added url: file:/D:/JBOSS/JBOSS - 30.09.2011/jboss-4.0.5.GA/server/default/lib/jboss-common-jdbc-wrapper.jar, to ucl: org.jboss.mx.loading.UnifiedClassLoader3@65e7c89{ url=null ,addedOrder=2}
11:53:07,240 DEBUG [RepositoryClassLoader] Added url: file:/D:/JBOSS/JBOSS - 30.09.2011/jboss-4.0.5.GA/server/default/lib/jboss-hibernate.jar, to ucl: org.jboss.mx.loading.UnifiedClassLoader3@65e7c89{ url=null ,addedOrder=2}
11:53:07,248 DEBUG [RepositoryClassLoader] Added url: file:/D:/JBOSS/JBOSS - 30.09.2011/jboss-4.0.5.GA/server/default/lib/jboss-j2ee.jar, to ucl: org.jboss.mx.loading.UnifiedClassLoader3@65e7c89{ url=null ,addedOrder=2}
11:53:07,249 DEBUG [RepositoryClassLoader] Added url: file:/D:/JBOSS/JBOSS - 30.09.2011/jboss-4.0.5.GA/server/default/lib/jboss-jaxrpc.jar, to ucl: org.jboss.mx.loading.UnifiedClassLoader3@65e7c89{ url=null ,addedOrder=2}
11:53:07,253 DEBUG [RepositoryClassLoader] Added url: file:/D:/JBOSS/JBOSS - 30.09.2011/jboss-4.0.5.GA/server/default/lib/jboss-jca.jar, to ucl: org.jboss.mx.loading.UnifiedClassLoader3@65e7c89{ url=null ,addedOrder=2}
11:53:07,253 DEBUG [RepositoryClassLoader] Added url: file:/D:/JBOSS/JBOSS - 30.09.2011/jboss-4.0.5.GA/server/default/lib/jboss-jsr77.jar, to ucl: org.jboss.mx.loading.UnifiedClassLoader3@65e7c89{ url=null ,addedOrder=2}
11:53:07,255 DEBUG [RepositoryClassLoader] Added url: file:/D:/JBOSS/JBOSS - 30.09.2011/jboss-4.0.5.GA/server/default/lib/jboss-jsr88.jar, to ucl: org.jboss.mx.loading.UnifiedClassLoader3@65e7c89{ url=null ,addedOrder=2}
11:53:07,258 DEBUG [RepositoryClassLoader] Added url: file:/D:/JBOSS/JBOSS - 30.09.2011/jboss-4.0.5.GA/server/default/lib/jboss-management.jar, to ucl: org.jboss.mx.loading.UnifiedClassLoader3@65e7c89{ url=null ,addedOrder=2}
11:53:07,259 DEBUG [RepositoryClassLoader] Added url: file:/D:/JBOSS/JBOSS - 30.09.2011/jboss-4.0.5.GA/server/default/lib/jboss-monitoring.jar, to ucl: org.jboss.mx.loading.UnifiedClassLoader3@65e7c89{ url=null ,addedOrder=2}
11:53:07,260 DEBUG [RepositoryClassLoader] Added url: file:/D:/JBOSS/JBOSS - 30.09.2011/jboss-4.0.5.GA/server/default/lib/jboss-remoting-int.jar, to ucl: org.jboss.mx.loading.UnifiedClassLoader3@65e7c89{ url=null ,addedOrder=2}
11:53:07,271 DEBUG [RepositoryClassLoader] Added url: file:/D:/JBOSS/JBOSS - 30.09.2011/jboss-4.0.5.GA/server/default/lib/jboss-remoting.jar, to ucl: org.jboss.mx.loading.UnifiedClassLoader3@65e7c89{ url=null ,addedOrder=2}
11:53:07,272 DEBUG [RepositoryClassLoader] Added url: file:/D:/JBOSS/JBOSS - 30.09.2011/jboss-4.0.5.GA/server/default/lib/jboss-saaj.jar, to ucl: org.jboss.mx.loading.UnifiedClassLoader3@65e7c89{ url=null ,addedOrder=2}
11:53:07,275 DEBUG [RepositoryClassLoader] Added url: file:/D:/JBOSS/JBOSS - 30.09.2011/jboss-4.0.5.GA/server/default/lib/jboss-serialization.jar, to ucl: org.jboss.mx.loading.UnifiedClassLoader3@65e7c89{ url=null ,addedOrder=2}
11:53:07,276 DEBUG [RepositoryClassLoader] Added url: file:/D:/JBOSS/JBOSS - 30.09.2011/jboss-4.0.5.GA/server/default/lib/jboss-srp.jar, to ucl: org.jboss.mx.loading.UnifiedClassLoader3@65e7c89{ url=null ,addedOrder=2}
11:53:07,277 DEBUG [RepositoryClassLoader] Added url: file:/D:/JBOSS/JBOSS - 30.09.2011/jboss-4.0.5.GA/server/default/lib/jboss-transaction.jar, to ucl: org.jboss.mx.loading.UnifiedClassLoader3@65e7c89{ url=null ,addedOrder=2}
11:53:07,318 DEBUG [RepositoryClassLoader] Added url: file:/D:/JBOSS/JBOSS - 30.09.2011/jboss-4.0.5.GA/server/default/lib/jboss.jar, to ucl: org.jboss.mx.loading.UnifiedClassLoader3@65e7c89{ url=null ,addedOrder=2}
11:53:07,328 DEBUG [RepositoryClassLoader] Added url: file:/D:/JBOSS/JBOSS - 30.09.2011/jboss-4.0.5.GA/server/default/lib/jbossmq.jar, to ucl: org.jboss.mx.loading.UnifiedClassLoader3@65e7c89{ url=null ,addedOrder=2}
11:53:07,330 DEBUG [RepositoryClassLoader] Added url: file:/D:/JBOSS/JBOSS - 30.09.2011/jboss-4.0.5.GA/server/default/lib/jbossretro-rt.jar, to ucl: org.jboss.mx.loading.UnifiedClassLoader3@65e7c89{ url=null ,addedOrder=2}
11:53:07,336 DEBUG [RepositoryClassLoader] Added url: file:/D:/JBOSS/JBOSS - 30.09.2011/jboss-4.0.5.GA/server/default/lib/jbosssx.jar, to ucl: org.jboss.mx.loading.UnifiedClassLoader3@65e7c89{ url=null ,addedOrder=2}
11:53:07,339 DEBUG [RepositoryClassLoader] Added url: file:/D:/JBOSS/JBOSS - 30.09.2011/jboss-4.0.5.GA/server/default/lib/jdom-1.0.jar, to ucl: org.jboss.mx.loading.UnifiedClassLoader3@65e7c89{ url=null ,addedOrder=2}
11:53:07,340 DEBUG [RepositoryClassLoader] Added url: file:/D:/JBOSS/JBOSS - 30.09.2011/jboss-4.0.5.GA/server/default/lib/jms-1.1.jar, to ucl: org.jboss.mx.loading.UnifiedClassLoader3@65e7c89{ url=null ,addedOrder=2}
11:53:07,341 DEBUG [RepositoryClassLoader] Added url: file:/D:/JBOSS/JBOSS - 30.09.2011/jboss-4.0.5.GA/server/default/lib/jmx-adaptor-plugin.jar, to ucl: org.jboss.mx.loading.UnifiedClassLoader3@65e7c89{ url=null ,addedOrder=2}
11:53:07,341 DEBUG [RepositoryClassLoader] Added url: file:/D:/JBOSS/JBOSS - 30.09.2011/jboss-4.0.5.GA/server/default/lib/jnpserver.jar, to ucl: org.jboss.mx.loading.UnifiedClassLoader3@65e7c89{ url=null ,addedOrder=2}
11:53:07,343 DEBUG [RepositoryClassLoader] Added url: file:/D:/JBOSS/JBOSS - 30.09.2011/jboss-4.0.5.GA/server/default/lib/joesnmp.jar, to ucl: org.jboss.mx.loading.UnifiedClassLoader3@65e7c89{ url=null ,addedOrder=2}
11:53:07,343 DEBUG [RepositoryClassLoader] Added url: file:/D:/JBOSS/JBOSS - 30.09.2011/jboss-4.0.5.GA/server/default/lib/jpl-pattern.jar, to ucl: org.jboss.mx.loading.UnifiedClassLoader3@65e7c89{ url=null ,addedOrder=2}
11:53:07,344 DEBUG [RepositoryClassLoader] Added url: file:/D:/JBOSS/JBOSS - 30.09.2011/jboss-4.0.5.GA/server/default/lib/jpl-util.jar, to ucl: org.jboss.mx.loading.UnifiedClassLoader3@65e7c89{ url=null ,addedOrder=2}
11:53:07,345 DEBUG [RepositoryClassLoader] Added url: file:/D:/JBOSS/JBOSS - 30.09.2011/jboss-4.0.5.GA/server/default/lib/jstl-1.1.0.jar, to ucl: org.jboss.mx.loading.UnifiedClassLoader3@65e7c89{ url=null ,addedOrder=2}
11:53:07,345 DEBUG [RepositoryClassLoader] Added url: file:/D:/JBOSS/JBOSS - 30.09.2011/jboss-4.0.5.GA/server/default/lib/log4j-snmp-appender.jar, to ucl: org.jboss.mx.loading.UnifiedClassLoader3@65e7c89{ url=null ,addedOrder=2}
11:53:07,352 DEBUG [RepositoryClassLoader] Added url: file:/D:/JBOSS/JBOSS - 30.09.2011/jboss-4.0.5.GA/server/default/lib/log4j.jar, to ucl: org.jboss.mx.loading.UnifiedClassLoader3@65e7c89{ url=null ,addedOrder=2}
11:53:07,358 DEBUG [RepositoryClassLoader] Added url: file:/D:/JBOSS/JBOSS - 30.09.2011/jboss-4.0.5.GA/server/default/lib/lucene-1.4.3.jar, to ucl: org.jboss.mx.loading.UnifiedClassLoader3@65e7c89{ url=null ,addedOrder=2}
11:53:07,359 DEBUG [RepositoryClassLoader] Added url: file:/D:/JBOSS/JBOSS - 30.09.2011/jboss-4.0.5.GA/server/default/lib/mail-plugin.jar, to ucl: org.jboss.mx.loading.UnifiedClassLoader3@65e7c89{ url=null ,addedOrder=2}
11:53:07,366 DEBUG [RepositoryClassLoader] Added url: file:/D:/JBOSS/JBOSS - 30.09.2011/jboss-4.0.5.GA/server/default/lib/mail.jar, to ucl: org.jboss.mx.loading.UnifiedClassLoader3@65e7c89{ url=null ,addedOrder=2}
11:53:07,368 DEBUG [RepositoryClassLoader] Added url: file:/D:/JBOSS/JBOSS - 30.09.2011/jboss-4.0.5.GA/server/default/lib/oro-2.0.8.jar, to ucl: org.jboss.mx.loading.UnifiedClassLoader3@65e7c89{ url=null ,addedOrder=2}
11:53:07,371 DEBUG [RepositoryClassLoader] Added url: file:/D:/JBOSS/JBOSS - 30.09.2011/jboss-4.0.5.GA/server/default/lib/oscache-2.3.jar, to ucl: org.jboss.mx.loading.UnifiedClassLoader3@65e7c89{ url=null ,addedOrder=2}
11:53:07,371 DEBUG [RepositoryClassLoader] Added url: file:/D:/JBOSS/JBOSS - 30.09.2011/jboss-4.0.5.GA/server/default/lib/properties-plugin.jar, to ucl: org.jboss.mx.loading.UnifiedClassLoader3@65e7c89{ url=null ,addedOrder=2}
11:53:07,380 DEBUG [RepositoryClassLoader] Added url: file:/D:/JBOSS/JBOSS - 30.09.2011/jboss-4.0.5.GA/server/default/lib/quartz-1.6.0.jar, to ucl: org.jboss.mx.loading.UnifiedClassLoader3@65e7c89{ url=null ,addedOrder=2}
11:53:07,380 DEBUG [RepositoryClassLoader] Added url: file:/D:/JBOSS/JBOSS - 30.09.2011/jboss-4.0.5.GA/server/default/lib/scheduler-plugin-example.jar, to ucl: org.jboss.mx.loading.UnifiedClassLoader3@65e7c89{ url=null ,addedOrder=2}
11:53:07,381 DEBUG [RepositoryClassLoader] Added url: file:/D:/JBOSS/JBOSS - 30.09.2011/jboss-4.0.5.GA/server/default/lib/scheduler-plugin.jar, to ucl: org.jboss.mx.loading.UnifiedClassLoader3@65e7c89{ url=null ,addedOrder=2}
11:53:07,382 DEBUG [RepositoryClassLoader] Added url: file:/D:/JBOSS/JBOSS - 30.09.2011/jboss-4.0.5.GA/server/default/lib/string-1.1.0.jar, to ucl: org.jboss.mx.loading.UnifiedClassLoader3@65e7c89{ url=null ,addedOrder=2}
11:53:07,393 DEBUG [RepositoryClassLoader] Added url: file:/D:/JBOSS/JBOSS - 30.09.2011/jboss-4.0.5.GA/server/default/lib/struts-1.2.7.jar, to ucl: org.jboss.mx.loading.UnifiedClassLoader3@65e7c89{ url=null ,addedOrder=2}
11:53:07,409 DEBUG [RepositoryClassLoader] Added url: file:/D:/JBOSS/JBOSS - 30.09.2011/jboss-4.0.5.GA/server/default/lib/testng-4.5.2-jdk14.jar, to ucl: org.jboss.mx.loading.UnifiedClassLoader3@65e7c89{ url=null ,addedOrder=2}
11:53:07,417 DEBUG [RepositoryClassLoader] Added url: file:/D:/JBOSS/JBOSS - 30.09.2011/jboss-4.0.5.GA/server/default/lib/trove-1.0.2.jar, to ucl: org.jboss.mx.loading.UnifiedClassLoader3@65e7c89{ url=null ,addedOrder=2}
11:53:07,420 DEBUG [RepositoryClassLoader] Added url: file:/D:/JBOSS/JBOSS - 30.09.2011/jboss-4.0.5.GA/server/default/lib/wsdl4j.jar, to ucl: org.jboss.mx.loading.UnifiedClassLoader3@65e7c89{ url=null ,addedOrder=2}
11:53:07,420 DEBUG [RepositoryClassLoader] Added url: file:/D:/JBOSS/JBOSS - 30.09.2011/jboss-4.0.5.GA/server/default/lib/xmlentitymgr.jar, to ucl: org.jboss.mx.loading.UnifiedClassLoader3@65e7c89{ url=null ,addedOrder=2}
11:53:07,420 DEBUG [MainDeployer] found 0 subpackages of file:/D:/JBOSS/JBOSS - 30.09.2011/jboss-4.0.5.GA/server/default/conf/jboss-service.xml
11:53:07,421 DEBUG [MainDeployer] Watching new file: file:/D:/JBOSS/JBOSS - 30.09.2011/jboss-4.0.5.GA/server/default/conf/jboss-service.xml
11:53:07,421 DEBUG [MainDeployer] create step for deployment file:/D:/JBOSS/JBOSS - 30.09.2011/jboss-4.0.5.GA/server/default/conf/jboss-service.xml
11:53:07,421 DEBUG [SARDeployer] Deploying SAR, create step: url file:/D:/JBOSS/JBOSS - 30.09.2011/jboss-4.0.5.GA/server/default/conf/jboss-service.xml
11:53:07,421 DEBUG [SARDeployer] Registering service UCL=jmx.loading:UCL=65e7c89
11:53:07,422 DEBUG [ServiceCreator] About to create bean: jboss.management.local:j2eeType=J2EEDomain,name=Manager with code: org.jboss.management.j2ee.LocalJBossServerDomain
11:53:07,450 DEBUG [ServiceCreator] Created bean: jboss.management.local:j2eeType=J2EEDomain,name=Manager
11:53:07,451 DEBUG [ServiceConfigurator] MainDeployer set to jboss.system:service=MainDeployer in jboss.management.local:j2eeType=J2EEDomain,name=Manager
11:53:07,452 DEBUG [ServiceConfigurator] SARDeployer set to jboss.system:service=ServiceDeployer in jboss.management.local:j2eeType=J2EEDomain,name=Manager
11:53:07,452 DEBUG [ServiceConfigurator] EARDeployer set to jboss.j2ee:service=EARDeployer in jboss.management.local:j2eeType=J2EEDomain,name=Manager
11:53:07,452 DEBUG [ServiceConfigurator] EJBDeployer set to jboss.ejb:service=EJBDeployer in jboss.management.local:j2eeType=J2EEDomain,name=Manager
11:53:07,452 DEBUG [ServiceConfigurator] RARDeployer set to jboss.jca:service=RARDeployer in jboss.management.local:j2eeType=J2EEDomain,name=Manager
11:53:07,452 DEBUG [ServiceConfigurator] CMDeployer set to jboss.jca:service=ConnectionFactoryDeployer in jboss.management.local:j2eeType=J2EEDomain,name=Manager
11:53:07,453 DEBUG [ServiceConfigurator] WARDeployer set to jboss.web:service=WebServer in jboss.management.local:j2eeType=J2EEDomain,name=Manager
11:53:07,453 DEBUG [ServiceConfigurator] CARDeployer set to jboss.j2ee:service=ClientDeployer in jboss.management.local:j2eeType=J2EEDomain,name=Manager
11:53:07,453 DEBUG [ServiceConfigurator] MailService set to jboss:service=Mail in jboss.management.local:j2eeType=J2EEDomain,name=Manager
11:53:07,453 DEBUG [ServiceConfigurator] JMSService set to jboss.mq:service=DestinationManager in jboss.management.local:j2eeType=J2EEDomain,name=Manager
11:53:07,454 DEBUG [ServiceConfigurator] JNDIService set to jboss:service=Naming in jboss.management.local:j2eeType=J2EEDomain,name=Manager
11:53:07,454 DEBUG [ServiceConfigurator] JTAService set to jboss:service=TransactionManager in jboss.management.local:j2eeType=J2EEDomain,name=Manager
11:53:07,454 DEBUG [ServiceConfigurator] UserTransactionService set to jboss:service=ClientUserTransaction in jboss.management.local:j2eeType=J2EEDomain,name=Manager
11:53:07,455 DEBUG [ServiceConfigurator] RMI_IIOPService set to jboss:service=CorbaORB in jboss.management.local:j2eeType=J2EEDomain,name=Manager
11:53:07,455 DEBUG [ServiceCreator] About to create xmbean object: jboss:service=AttributePersistenceService with code: org.jboss.system.pm.AttributePersistenceService with descriptor: resource:xmdesc/AttributePersistenceService-xmbean.xml
11:53:07,462 DEBUG [ModelMBeanInvoker] Loaded persistence mgr: org.jboss.mx.persistence.ObjectStreamPersistenceManager
11:53:07,463 DEBUG [ObjectStreamPersistenceManager] load, resource:org.jboss.system.pm.AttributePersistenceService@463210ae
11:53:07,463 DEBUG [ObjectStreamPersistenceManager] Store file is: D:\JBOSS\JBOSS - 30.09.2011\jboss-4.0.5.GA\server\default\data\xmbean-attrs\AttributePersistenceService.ser
11:53:07,463 DEBUG [ServiceCreator] Created bean: jboss:service=AttributePersistenceService
11:53:07,463 DEBUG [ServiceCreator] About to create bean: jboss.system:service=ThreadPool with code: org.jboss.util.threadpool.BasicThreadPool
11:53:07,470 DEBUG [ServiceCreator] Created bean: jboss.system:service=ThreadPool
11:53:07,471 DEBUG [ServiceConfigurator] Name set to JBoss System Threads in jboss.system:service=ThreadPool
11:53:07,471 DEBUG [ServiceConfigurator] ThreadGroupName set to System Threads in jboss.system:service=ThreadPool
11:53:07,471 DEBUG [ServiceConfigurator] KeepAliveTime set to 60000 in jboss.system:service=ThreadPool
11:53:07,471 DEBUG [ServiceConfigurator] MaximumPoolSize set to 10 in jboss.system:service=ThreadPool
11:53:07,472 DEBUG [ServiceConfigurator] MaximumQueueSize set to 1000 in jboss.system:service=ThreadPool
11:53:07,472 DEBUG [ServiceConfigurator] BlockingMode set to run in jboss.system:service=ThreadPool
11:53:07,472 DEBUG [ServiceCreator] About to create xmbean object: jboss.system:type=Log4jService,service=Logging with code: org.jboss.logging.Log4jService with descriptor: resource:xmdesc/Log4jService-xmbean.xml
11:53:07,482 DEBUG [ServiceCreator] Created bean: jboss.system:type=Log4jService,service=Logging
11:53:07,482 DEBUG [ServiceConfigurator] ConfigurationURL set to resource:log4j.xml in jboss.system:type=Log4jService,service=Logging
11:53:07,482 DEBUG [ServiceConfigurator] Log4jQuietMode set to true in jboss.system:type=Log4jService,service=Logging
11:53:07,482 DEBUG [ServiceConfigurator] RefreshPeriod set to 60 in jboss.system:type=Log4jService,service=Logging
11:53:07,483 DEBUG [ServiceCreator] About to create bean: jboss.rmi:type=RMIClassLoader with code: org.jboss.util.property.jmx.SystemPropertyClassValue
11:53:07,483 DEBUG [ServiceCreator] Created bean: jboss.rmi:type=RMIClassLoader
11:53:07,484 DEBUG [ServiceConfigurator] Property set to java.rmi.server.RMIClassLoaderSpi in jboss.rmi:type=RMIClassLoader
11:53:07,484 DEBUG [ServiceConfigurator] ClassName set to org.jboss.system.JBossRMIClassLoader in jboss.rmi:type=RMIClassLoader
11:53:07,484 DEBUG [ServiceCreator] About to create bean: jboss:service=WebService with code: org.jboss.web.WebService
11:53:07,488 DEBUG [ServiceCreator] Created bean: jboss:service=WebService
11:53:07,488 DEBUG [ServiceConfigurator] Port set to 8083 in jboss:service=WebService
11:53:07,488 DEBUG [ServiceConfigurator] DownloadServerClasses set to true in jboss:service=WebService
11:53:07,488 DEBUG [ServiceConfigurator] DownloadResources set to false in jboss:service=WebService
11:53:07,488 DEBUG [ServiceConfigurator] Host set to 0.0.0.0 in jboss:service=WebService
11:53:07,488 DEBUG [ServiceConfigurator] BindAddress set to 0.0.0.0 in jboss:service=WebService
11:53:07,489 DEBUG [ServiceController] recording that jboss:service=WebService depends on jboss.system:service=ThreadPool
11:53:07,489 DEBUG [ServiceConfigurator] considering ThreadPool with object name jboss.system:service=ThreadPool
11:53:07,490 DEBUG [ServiceCreator] About to create xmbean object: jboss:service=Naming with code: org.jboss.naming.NamingService with descriptor: resource:xmdesc/NamingService-xmbean.xml
11:53:07,501 DEBUG [ModelMBeanInvoker] Ignoring obsolete legacy interceptor: org.jboss.mx.interceptor.PersistenceInterceptor2
11:53:07,502 DEBUG [ModelMBeanInvoker] Ignoring obsolete legacy interceptor: org.jboss.mx.interceptor.ModelMBeanInterceptor
11:53:07,502 DEBUG [ModelMBeanInvoker] Ignoring obsolete legacy interceptor: org.jboss.mx.interceptor.ObjectReferenceInterceptor
11:53:07,502 DEBUG [ServiceCreator] Created bean: jboss:service=Naming
11:53:07,502 DEBUG [ServiceConfigurator] CallByValue set to false in jboss:service=Naming
11:53:07,502 DEBUG [ServiceConfigurator] Port set to 1099 in jboss:service=Naming
11:53:07,503 DEBUG [ServiceConfigurator] BindAddress set to 0.0.0.0 in jboss:service=Naming
11:53:07,503 DEBUG [ServiceConfigurator] RmiPort set to 1098 in jboss:service=Naming
11:53:07,503 DEBUG [ServiceConfigurator] RmiBindAddress set to 0.0.0.0 in jboss:service=Naming
11:53:07,503 DEBUG [ServiceController] recording that jboss:service=Naming depends on jboss.system:service=ThreadPool
11:53:07,503 DEBUG [ServiceConfigurator] considering LookupPool with object name jboss.system:service=ThreadPool
11:53:07,505 DEBUG [ServiceCreator] About to create xmbean object: jboss:service=JNDIView with code: org.jboss.naming.JNDIView with descriptor: resource:xmdesc/JNDIView-xmbean.xml
11:53:07,511 DEBUG [ServiceCreator] Created bean: jboss:service=JNDIView
11:53:07,511 DEBUG [ServiceConfigurator] HANamingService set to jboss:service=HAJNDI in jboss:service=JNDIView
11:53:07,512 DEBUG [ServiceCreator] About to create bean: jboss.security:service=SecurityConfig with code: org.jboss.security.plugins.SecurityConfig
11:53:07,514 DEBUG [ServiceCreator] Created bean: jboss.security:service=SecurityConfig
11:53:07,514 DEBUG [ServiceConfigurator] LoginConfig set to jboss.security:service=XMLLoginConfig in jboss.security:service=SecurityConfig
11:53:07,514 DEBUG [ServiceCreator] About to create bean: jboss.security:service=XMLLoginConfig with code: org.jboss.security.auth.login.XMLLoginConfig
11:53:07,517 DEBUG [ServiceCreator] Created bean: jboss.security:service=XMLLoginConfig
11:53:07,517 DEBUG [ServiceConfigurator] ConfigResource set to login-config.xml in jboss.security:service=XMLLoginConfig
11:53:07,517 DEBUG [ServiceCreator] About to create bean: jboss.security:service=JaasSecurityManager with code: org.jboss.security.plugins.JaasSecurityManagerService
11:53:07,526 DEBUG [ServiceCreator] Created bean: jboss.security:service=JaasSecurityManager
11:53:07,526 DEBUG [ServiceConfigurator] ServerMode set to true in jboss.security:service=JaasSecurityManager
11:53:07,527 DEBUG [ServiceConfigurator] SecurityManagerClassName set to org.jboss.security.plugins.JaasSecurityManager in jboss.security:service=JaasSecurityManager
11:53:07,527 DEBUG [ServiceConfigurator] DefaultUnauthenticatedPrincipal set to anonymous in jboss.security:service=JaasSecurityManager
11:53:07,527 DEBUG [ServiceConfigurator] DefaultCacheTimeout set to 1800 in jboss.security:service=JaasSecurityManager
11:53:07,527 DEBUG [ServiceConfigurator] DefaultCacheResolution set to 60 in jboss.security:service=JaasSecurityManager
11:53:07,527 DEBUG [ServiceCreator] About to create bean: jboss:service=XidFactory with code: org.jboss.tm.XidFactory
11:53:07,529 DEBUG [ServiceCreator] Created bean: jboss:service=XidFactory
11:53:07,529 DEBUG [ServiceCreator] About to create xmbean object: jboss:service=TransactionManager with code: org.jboss.tm.TransactionManagerService with descriptor: resource:xmdesc/TransactionManagerService-xmbean.xml
11:53:07,536 DEBUG [ServiceCreator] Created bean: jboss:service=TransactionManager
11:53:07,536 DEBUG [ServiceConfigurator] TransactionTimeout set to 300 in jboss:service=TransactionManager
11:53:07,536 DEBUG [ServiceConfigurator] GlobalIdsEnabled set to true in jboss:service=TransactionManager
11:53:07,536 DEBUG [ServiceController] recording that jboss:service=TransactionManager depends on jboss:service=XidFactory
11:53:07,537 DEBUG [ServiceConfigurator] considering XidFactory with object name jboss:service=XidFactory
11:53:07,537 DEBUG [ServiceCreator] About to create xmbean object: jboss:service=ClientUserTransaction with code: org.jboss.tm.usertx.server.ClientUserTransactionService with descriptor: resource:xmdesc/ClientUserTransaction-xmbean.xml
11:53:07,541 DEBUG [ServiceCreator] Created bean: jboss:service=ClientUserTransaction
11:53:07,541 DEBUG [ServiceCreator] About to create bean: jboss:service=proxyFactory,target=ClientUserTransactionFactory with code: org.jboss.invocation.jrmp.server.JRMPProxyFactory
11:53:07,551 DEBUG [ServiceCreator] Created bean: jboss:service=proxyFactory,target=ClientUserTransactionFactory
11:53:07,551 DEBUG [ServiceConfigurator] InvokerName set to jboss:service=invoker,type=jrmp in jboss:service=proxyFactory,target=ClientUserTransactionFactory
11:53:07,552 DEBUG [ServiceConfigurator] TargetName set to jboss:service=ClientUserTransaction in jboss:service=proxyFactory,target=ClientUserTransactionFactory
11:53:07,552 DEBUG [ServiceConfigurator] JndiName set to UserTransactionSessionFactory in jboss:service=proxyFactory,target=ClientUserTransactionFactory
11:53:07,553 DEBUG [ServiceConfigurator] ExportedInterface set to interface org.jboss.tm.usertx.interfaces.UserTransactionSessionFactory in jboss:service=proxyFactory,target=ClientUserTransactionFactory
11:53:07,555 DEBUG [ServiceConfigurator] ClientInterceptors set to [interceptors: null] in jboss:service=proxyFactory,target=ClientUserTransactionFactory
11:53:07,560 DEBUG [JRMPProxyFactory] added interceptor type: class org.jboss.proxy.ClientMethodInterceptor
11:53:07,560 DEBUG [JRMPProxyFactory] added interceptor type: class org.jboss.invocation.InvokerInterceptor
11:53:07,560 DEBUG [ServiceController] recording that jboss:service=proxyFactory,target=ClientUserTransactionFactory depends on jboss:service=invoker,type=jrmp
11:53:07,560 DEBUG [ServiceConfigurator] considering <anonymous> with object name jboss:service=invoker,type=jrmp
11:53:07,560 DEBUG [ServiceController] recording that jboss:service=ClientUserTransaction depends on jboss:service=proxyFactory,target=ClientUserTransactionFactory
11:53:07,560 DEBUG [ServiceConfigurator] considering <anonymous> with object name jboss:service=proxyFactory,target=ClientUserTransactionFactory
11:53:07,560 DEBUG [ServiceCreator] About to create bean: jboss:service=proxyFactory,target=ClientUserTransaction with code: org.jboss.invocation.jrmp.server.JRMPProxyFactory
11:53:07,561 DEBUG [ServiceCreator] Created bean: jboss:service=proxyFactory,target=ClientUserTransaction
11:53:07,561 DEBUG [ServiceConfigurator] InvokerName set to jboss:service=invoker,type=jrmp in jboss:service=proxyFactory,target=ClientUserTransaction
11:53:07,561 DEBUG [ServiceConfigurator] TargetName set to jboss:service=ClientUserTransaction in jboss:service=proxyFactory,target=ClientUserTransaction
11:53:07,562 DEBUG [ServiceConfigurator] ExportedInterface set to interface org.jboss.tm.usertx.interfaces.UserTransactionSession in jboss:service=proxyFactory,target=ClientUserTransaction
11:53:07,562 DEBUG [ServiceConfigurator] ClientInterceptors set to [interceptors: null] in jboss:service=proxyFactory,target=ClientUserTransaction
11:53:07,562 DEBUG [JRMPProxyFactory] added interceptor type: class org.jboss.proxy.ClientMethodInterceptor
11:53:07,562 DEBUG [JRMPProxyFactory] added interceptor type: class org.jboss.invocation.InvokerInterceptor
11:53:07,563 DEBUG [ServiceController] recording that jboss:service=proxyFactory,target=ClientUserTransaction depends on jboss:service=invoker,type=jrmp
11:53:07,563 DEBUG [ServiceConfigurator] considering <anonymous> with object name jboss:service=invoker,type=jrmp
11:53:07,563 DEBUG [ServiceController] recording that jboss:service=ClientUserTransaction depends on jboss:service=proxyFactory,target=ClientUserTransaction
11:53:07,563 DEBUG [ServiceConfigurator] considering TxProxyName with object name jboss:service=proxyFactory,target=ClientUserTransaction
11:53:07,563 DEBUG [ServiceCreator] About to create bean: jboss:service=invoker,type=jrmp with code: org.jboss.invocation.jrmp.server.JRMPInvoker
11:53:07,569 DEBUG [ServiceCreator] Created bean: jboss:service=invoker,type=jrmp
11:53:07,569 DEBUG [ServiceConfigurator] RMIObjectPort set to 4444 in jboss:service=invoker,type=jrmp
11:53:07,569 DEBUG [ServiceConfigurator] ServerAddress set to 0.0.0.0 in jboss:service=invoker,type=jrmp
11:53:07,569 DEBUG [ServiceController] recording that jboss:service=invoker,type=jrmp depends on jboss:service=TransactionManager
11:53:07,569 DEBUG [ServiceConfigurator] considering <anonymous> with object name jboss:service=TransactionManager
11:53:07,569 DEBUG [ServiceCreator] About to create bean: jboss:service=invoker,type=local with code: org.jboss.invocation.local.LocalInvoker
11:53:07,571 DEBUG [ServiceCreator] Created bean: jboss:service=invoker,type=local
11:53:07,571 DEBUG [ServiceController] recording that jboss:service=invoker,type=local depends on jboss:service=TransactionManager
11:53:07,571 DEBUG [ServiceConfigurator] considering <anonymous> with object name jboss:service=TransactionManager
11:53:07,571 DEBUG [ServiceCreator] About to create bean: jboss:service=invoker,type=pooled with code: org.jboss.invocation.pooled.server.PooledInvoker
11:53:07,575 DEBUG [ServiceCreator] Created bean: jboss:service=invoker,type=pooled
11:53:07,575 DEBUG [ServiceConfigurator] NumAcceptThreads set to 1 in jboss:service=invoker,type=pooled
11:53:07,575 DEBUG [ServiceConfigurator] MaxPoolSize set to 300 in jboss:service=invoker,type=pooled
11:53:07,575 DEBUG [ServiceConfigurator] ClientMaxPoolSize set to 300 in jboss:service=invoker,type=pooled
11:53:07,576 DEBUG [ServiceConfigurator] SocketTimeout set to 60000 in jboss:service=invoker,type=pooled
11:53:07,576 DEBUG [ServiceConfigurator] ServerBindAddress set to 0.0.0.0 in jboss:service=invoker,type=pooled
11:53:07,576 DEBUG [ServiceConfigurator] ServerBindPort set to 4445 in jboss:service=invoker,type=pooled
11:53:07,576 DEBUG [ServiceConfigurator] ClientConnectAddress set to 0.0.0.0 in jboss:service=invoker,type=pooled
11:53:07,577 DEBUG [ServiceConfigurator] ClientConnectPort set to 0 in jboss:service=invoker,type=pooled
11:53:07,577 DEBUG [ServiceConfigurator] ClientRetryCount set to 1 in jboss:service=invoker,type=pooled
11:53:07,577 DEBUG [ServiceConfigurator] EnableTcpNoDelay set to false in jboss:service=invoker,type=pooled
11:53:07,577 DEBUG [ServiceController] recording that jboss:service=invoker,type=pooled depends on jboss:service=TransactionManager
11:53:07,577 DEBUG [ServiceConfigurator] considering TransactionManagerService with object name jboss:service=TransactionManager
11:53:07,577 DEBUG [ServiceCreator] About to create bean: jboss.jdbc:service=metadata with code: org.jboss.ejb.plugins.cmp.jdbc.metadata.MetaDataLibrary
11:53:07,579 DEBUG [ServiceCreator] Created bean: jboss.jdbc:service=metadata
11:53:07,579 DEBUG [ServiceCreator] About to create bean: jboss.deployment:type=DeploymentScanner,flavor=URL with code: org.jboss.deployment.scanner.URLDeploymentScanner
11:53:07,582 DEBUG [ServiceCreator] Created bean: jboss.deployment:type=DeploymentScanner,flavor=URL
11:53:07,582 DEBUG [ServiceController] recording that jboss.deployment:type=DeploymentScanner,flavor=URL depends on jboss.system:service=MainDeployer
11:53:07,582 DEBUG [ServiceConfigurator] considering Deployer with object name jboss.system:service=MainDeployer
11:53:07,583 DEBUG [ServiceConfigurator] URLComparator set to org.jboss.deployment.DeploymentSorter in jboss.deployment:type=DeploymentScanner,flavor=URL
11:53:07,585 DEBUG [ServiceConfigurator] FilterInstance set to org.jboss.deployment.scanner.DeploymentFilter@750d661c in jboss.deployment:type=DeploymentScanner,flavor=URL
11:53:07,585 DEBUG [ServiceConfigurator] ScanPeriod set to 5000 in jboss.deployment:type=DeploymentScanner,flavor=URL
11:53:07,585 DEBUG [ServiceConfigurator] ScanEnabled set to true in jboss.deployment:type=DeploymentScanner,flavor=URL
11:53:07,585 DEBUG [ServiceConfigurator] URLs set to deploy/ in jboss.deployment:type=DeploymentScanner,flavor=URL
11:53:07,586 DEBUG [URLDeploymentScanner] Adding URL from spec: deploy/
11:53:07,586 DEBUG [URLDeploymentScanner] URL: file:/D:/JBOSS/JBOSS - 30.09.2011/jboss-4.0.5.GA/server/default/deploy/
11:53:07,586 DEBUG [URLDeploymentScanner] Added url: file:/D:/JBOSS/JBOSS - 30.09.2011/jboss-4.0.5.GA/server/default/deploy/
11:53:07,586 DEBUG [URLDeploymentScanner] URL list: [file:/D:/JBOSS/JBOSS - 30.09.2011/jboss-4.0.5.GA/server/default/deploy/]
11:53:07,586 DEBUG [ServiceConfigurator] RecursiveSearch set to true in jboss.deployment:type=DeploymentScanner,flavor=URL
11:53:07,586 DEBUG [ServiceController] Creating service jboss.management.local:j2eeType=J2EEDomain,name=Manager
11:53:07,586 DEBUG [LocalJBossServerDomain] Creating jboss.management.local:j2eeType=J2EEDomain,name=Manager
11:53:07,586 DEBUG [LocalJBossServerDomain] setupJ2EEMBeans(), create J2EEServer instance
11:53:07,589 DEBUG [J2EEDomain] ctor, name: jboss.management.local:name=jboss.management.local,j2eeType=J2EEDomain
11:53:07,590 DEBUG [J2EEDomain] postRegister(), parent: null
11:53:07,591 DEBUG [J2EEServer] postRegister(), parent: jboss.management.local:j2eeType=J2EEDomain,name=jboss.management.local
11:53:07,597 DEBUG [JVM] postRegister(), parent: jboss.management.local:j2eeType=J2EEServer,name=Local
11:53:07,601 DEBUG [LocalJBossServerDomain] Registered as listener of: jboss.system:service=ServiceController
11:53:07,606 DEBUG [LocalJBossServerDomain] Registering with all deployers, mainDeployer=jboss.system:service=MainDeployer
11:53:07,606 DEBUG [LocalJBossServerDomain] Getting current deployers
11:53:07,606 DEBUG [LocalJBossServerDomain] Registering as listener of deployer: jboss.system:service=ServiceDeployer
11:53:07,606 DEBUG [LocalJBossServerDomain] Registering as listener of deployer: jboss.system:service=JARDeployer
11:53:07,606 DEBUG [LocalJBossServerDomain] Created jboss.management.local:j2eeType=J2EEDomain,name=Manager
11:53:07,606 DEBUG [LocalJBossServerDomain] handleNotification: javax.management.Notification[source=jboss.system:service=ServiceController][type=org.jboss.system.ServiceMBean.create][message=]
11:53:07,606 DEBUG [DefaultManagedObjectFactoryMap] Failed to find factory for event: javax.management.Notification[source=jboss.system:service=ServiceController][type=org.jboss.system.ServiceMBean.create][message=]
11:53:07,606 DEBUG [ServiceController] Creating dependent components for: jboss.management.local:j2eeType=J2EEDomain,name=Manager dependents are: []
11:53:07,606 DEBUG [ServiceController] Creating service jboss:service=AttributePersistenceService
11:53:07,606 DEBUG [AttributePersistenceService] Creating jboss:service=AttributePersistenceService
11:53:07,606 DEBUG [AttributePersistenceService] Created jboss:service=AttributePersistenceService
11:53:07,606 DEBUG [LocalJBossServerDomain] handleNotification: javax.management.Notification[source=jboss.system:service=ServiceController][type=org.jboss.system.ServiceMBean.create][message=]
11:53:07,606 DEBUG [DefaultManagedObjectFactoryMap] Failed to find factory for event: javax.management.Notification[source=jboss.system:service=ServiceController][type=org.jboss.system.ServiceMBean.create][message=]
11:53:07,606 DEBUG [ServiceController] Creating dependent components for: jboss:service=AttributePersistenceService dependents are: []
11:53:07,606 DEBUG [ServiceController] Creating service jboss.system:service=ThreadPool
11:53:07,606 DEBUG [LocalJBossServerDomain] handleNotification: javax.management.Notification[source=jboss.system:service=ServiceController][type=org.jboss.system.ServiceMBean.create][message=]
11:53:07,606 DEBUG [DefaultManagedObjectFactoryMap] Failed to find factory for event: javax.management.Notification[source=jboss.system:service=ServiceController][type=org.jboss.system.ServiceMBean.create][message=]
11:53:07,606 DEBUG [ServiceController] Creating dependent components for: jboss.system:service=ThreadPool dependents are: [ObjectName: jboss:service=WebService
  State: CONFIGURED
  I Depend On:
    jboss.system:service=ThreadPool
, ObjectName: jboss:service=Naming
  State: CONFIGURED
  I Depend On:
    jboss.system:service=ThreadPool
]
11:53:07,606 DEBUG [ServiceController] Creating service jboss:service=WebService
11:53:07,606 DEBUG [WebService] Creating jboss:service=WebService
11:53:07,607 INFO  [WebService] Using RMI server codebase: http://DESKTOP-RQQTILJ:8083/
11:53:07,608 DEBUG [WebService] Created jboss:service=WebService
11:53:07,608 DEBUG [LocalJBossServerDomain] handleNotification: javax.management.Notification[source=jboss.system:service=ServiceController][type=org.jboss.system.ServiceMBean.create][message=]
11:53:07,608 DEBUG [DefaultManagedObjectFactoryMap] Failed to find factory for event: javax.management.Notification[source=jboss.system:service=ServiceController][type=org.jboss.system.ServiceMBean.create][message=]
11:53:07,608 DEBUG [ServiceController] Creating dependent components for: jboss:service=WebService dependents are: []
11:53:07,608 DEBUG [ServiceController] Creating service jboss:service=Naming
11:53:07,608 DEBUG [NamingService] Creating jboss:service=Naming
11:53:07,608 DEBUG [NamingService] Created jboss:service=Naming
11:53:07,608 DEBUG [LocalJBossServerDomain] handleNotification: javax.management.Notification[source=jboss.system:service=ServiceController][type=org.jboss.system.ServiceMBean.create][message=]
11:53:07,611 DEBUG [JNDIResource] Service name: jboss:service=Naming
11:53:07,613 DEBUG [JNDIResource] postRegister(), parent: jboss.management.local:j2eeType=J2EEServer,name=Local
11:53:07,613 DEBUG [JNDIResource] Created JSR-77 JNDIResource: LocalJNDI
11:53:07,613 DEBUG [ServiceController] Creating dependent components for: jboss:service=Naming dependents are: []
11:53:07,613 DEBUG [ServiceController] Creating service jboss.system:type=Log4jService,service=Logging
11:53:07,613 DEBUG [Log4jService] Creating jboss.system:type=Log4jService,service=Logging
11:53:07,614 INFO  [Log4jService$URLWatchTimerTask] Configuring from URL: resource:log4j.xml
